This file contains any messages produced by compilers while
running configure, to aid debugging if configure makes a mistake.

It was created by tinyos-tools configure 1.2.4, which was
generated by GNU Autoconf 2.65.  Invocation command line was

  $ ./configure --prefix=/home/altamash/local

## --------- ##
## Platform. ##
## --------- ##

hostname = altamash-laptop
uname -m = i686
uname -r = 2.6.32-40-generic
uname -s = Linux
uname -v = #87-Ubuntu SMP Mon Mar 5 20:26:31 UTC 2012

/usr/bin/uname -p = unknown
/bin/uname -X     = unknown

/bin/arch              = unknown
/usr/bin/arch -k       = unknown
/usr/convex/getsysinfo = unknown
/usr/bin/hostinfo      = unknown
/bin/machine           = unknown
/usr/bin/oslevel       = unknown
/bin/universe          = unknown

PATH: /usr/local/sbin
PATH: /usr/local/bin
PATH: /usr/sbin
PATH: /usr/bin
PATH: /sbin
PATH: /bin
PATH: /usr/games


## ----------- ##
## Core tests. ##
## ----------- ##

configure:1864: checking for a BSD-compatible install
configure:1932: result: /usr/bin/install -c
configure:1943: checking whether build environment is sane
configure:1993: result: yes
configure:2134: checking for a thread-safe mkdir -p
configure:2173: result: /bin/mkdir -p
configure:2186: checking for gawk
configure:2202: found /usr/bin/gawk
configure:2213: result: gawk
configure:2224: checking whether make sets $(MAKE)
configure:2246: result: yes
configure:2330: checking build system type
configure:2344: result: i686-pc-linux-gnu
configure:2364: checking host system type
configure:2377: result: i686-pc-linux-gnu
configure:2446: checking for gcc
configure:2462: found /usr/bin/gcc
configure:2473: result: gcc
configure:2702: checking for C compiler version
configure:2711: gcc --version >&5
gcc (Ubuntu 4.4.3-4ubuntu5.1) 4.4.3
Copyright (C) 2009 Free Software Foundation, Inc.
This is free software; see the source for copying conditions.  There is NO
warranty; not even for MERCHANTABILITY or FITNESS FOR A PARTICULAR PURPOSE.

configure:2722: $? = 0
configure:2711: gcc -v >&5
Using built-in specs.
Target: i486-linux-gnu
Configured with: ../src/configure -v --with-pkgversion='Ubuntu 4.4.3-4ubuntu5.1' --with-bugurl=file:///usr/share/doc/gcc-4.4/README.Bugs --enable-languages=c,c++,fortran,objc,obj-c++ --prefix=/usr --enable-shared --enable-multiarch --enable-linker-build-id --with-system-zlib --libexecdir=/usr/lib --without-included-gettext --enable-threads=posix --with-gxx-include-dir=/usr/include/c++/4.4 --program-suffix=-4.4 --enable-nls --enable-clocale=gnu --enable-libstdcxx-debug --enable-plugin --enable-objc-gc --enable-targets=all --disable-werror --with-arch-32=i486 --with-tune=generic --enable-checking=release --build=i486-linux-gnu --host=i486-linux-gnu --target=i486-linux-gnu
Thread model: posix
gcc version 4.4.3 (Ubuntu 4.4.3-4ubuntu5.1) 
configure:2722: $? = 0
configure:2711: gcc -V >&5
gcc: '-V' option must have argument
configure:2722: $? = 1
configure:2711: gcc -qversion >&5
gcc: unrecognized option '-qversion'
gcc: no input files
configure:2722: $? = 1
configure:2742: checking whether the C compiler works
configure:2764: gcc    conftest.c  >&5
configure:2768: $? = 0
configure:2817: result: yes
configure:2820: checking for C compiler default output file name
configure:2822: result: a.out
configure:2828: checking for suffix of executables
configure:2835: gcc -o conftest    conftest.c  >&5
configure:2839: $? = 0
configure:2861: result: 
configure:2883: checking whether we are cross compiling
configure:2891: gcc -o conftest    conftest.c  >&5
configure:2895: $? = 0
configure:2902: ./conftest
configure:2906: $? = 0
configure:2921: result: no
configure:2926: checking for suffix of object files
configure:2948: gcc -c   conftest.c >&5
configure:2952: $? = 0
configure:2973: result: o
configure:2977: checking whether we are using the GNU C compiler
configure:2996: gcc -c   conftest.c >&5
configure:2996: $? = 0
configure:3005: result: yes
configure:3014: checking whether gcc accepts -g
configure:3034: gcc -c -g  conftest.c >&5
configure:3034: $? = 0
configure:3075: result: yes
configure:3092: checking for gcc option to accept ISO C89
configure:3156: gcc  -c -g -O2  conftest.c >&5
configure:3156: $? = 0
configure:3169: result: none needed
configure:3200: checking for style of include used by make
configure:3228: result: GNU
configure:3253: checking dependency style of gcc
configure:3363: result: gcc3
configure:3436: checking for g++
configure:3466: result: no
configure:3436: checking for c++
configure:3466: result: no
configure:3436: checking for gpp
configure:3466: result: no
configure:3436: checking for aCC
configure:3466: result: no
configure:3436: checking for CC
configure:3466: result: no
configure:3436: checking for cxx
configure:3466: result: no
configure:3436: checking for cc++
configure:3466: result: no
configure:3436: checking for cl.exe
configure:3466: result: no
configure:3436: checking for FCC
configure:3466: result: no
configure:3436: checking for KCC
configure:3466: result: no
configure:3436: checking for RCC
configure:3466: result: no
configure:3436: checking for xlC_r
configure:3466: result: no
configure:3436: checking for xlC
configure:3466: result: no
configure:3490: checking for C++ compiler version
configure:3499: g++ --version >&5
./configure: line 3501: g++: command not found
configure:3510: $? = 127
configure:3499: g++ -v >&5
./configure: line 3501: g++: command not found
configure:3510: $? = 127
configure:3499: g++ -V >&5
./configure: line 3501: g++: command not found
configure:3510: $? = 127
configure:3499: g++ -qversion >&5
./configure: line 3501: g++: command not found
configure:3510: $? = 127
configure:3514: checking whether we are using the GNU C++ compiler
configure:3533: g++ -c   conftest.cpp >&5
./configure: line 1451: g++: command not found
configure:3533: $? = 127
configure: failed program was:
| /* confdefs.h */
| #define PACKAGE_NAME "tinyos-tools"
| #define PACKAGE_TARNAME "tinyos-tools"
| #define PACKAGE_VERSION "1.2.4"
| #define PACKAGE_STRING "tinyos-tools 1.2.4"
| #define PACKAGE_BUGREPORT ""
| #define PACKAGE_URL ""
| #define PACKAGE "tinyos-tools"
| #define VERSION "1.2.4"
| /* end confdefs.h.  */
| 
| int
| main ()
| {
| #ifndef __GNUC__
|        choke me
| #endif
| 
|   ;
|   return 0;
| }
configure:3542: result: no
configure:3551: checking whether g++ accepts -g
configure:3571: g++ -c -g  conftest.cpp >&5
./configure: line 1451: g++: command not found
configure:3571: $? = 127
configure: failed program was:
| /* confdefs.h */
| #define PACKAGE_NAME "tinyos-tools"
| #define PACKAGE_TARNAME "tinyos-tools"
| #define PACKAGE_VERSION "1.2.4"
| #define PACKAGE_STRING "tinyos-tools 1.2.4"
| #define PACKAGE_BUGREPORT ""
| #define PACKAGE_URL ""
| #define PACKAGE "tinyos-tools"
| #define VERSION "1.2.4"
| /* end confdefs.h.  */
| 
| int
| main ()
| {
| 
|   ;
|   return 0;
| }
configure:3586: g++ -c   conftest.cpp >&5
./configure: line 1451: g++: command not found
configure:3586: $? = 127
configure: failed program was:
| /* confdefs.h */
| #define PACKAGE_NAME "tinyos-tools"
| #define PACKAGE_TARNAME "tinyos-tools"
| #define PACKAGE_VERSION "1.2.4"
| #define PACKAGE_STRING "tinyos-tools 1.2.4"
| #define PACKAGE_BUGREPORT ""
| #define PACKAGE_URL ""
| #define PACKAGE "tinyos-tools"
| #define VERSION "1.2.4"
| /* end confdefs.h.  */
| 
| int
| main ()
| {
| 
|   ;
|   return 0;
| }
configure:3602: g++ -c -g  conftest.cpp >&5
./configure: line 1451: g++: command not found
configure:3602: $? = 127
configure: failed program was:
| /* confdefs.h */
| #define PACKAGE_NAME "tinyos-tools"
| #define PACKAGE_TARNAME "tinyos-tools"
| #define PACKAGE_VERSION "1.2.4"
| #define PACKAGE_STRING "tinyos-tools 1.2.4"
| #define PACKAGE_BUGREPORT ""
| #define PACKAGE_URL ""
| #define PACKAGE "tinyos-tools"
| #define VERSION "1.2.4"
| /* end confdefs.h.  */
| 
| int
| main ()
| {
| 
|   ;
|   return 0;
| }
configure:3612: result: no
configure:3637: checking dependency style of g++
configure:3747: result: none
configure:3805: checking for ranlib
configure:3821: found /usr/bin/ranlib
configure:3832: result: ranlib
configure:3857: checking for perl
configure:3875: found /usr/bin/perl
configure:3887: result: /usr/bin/perl
configure:3903: checking for python2
configure:3921: found /usr/bin/python2
configure:3933: result: /usr/bin/python2
configure:3951: checking for nescc
configure:3969: found /usr/bin/nescc
configure:3981: result: /usr/bin/nescc
configure:4004: Default ncc build target is mica
configure:4006: ...but using a tos/.default-platform file is a better choice
configure:4022: TinyOS directory is /home/altamash/local/src/tinyos-2.x/tos
configure:4026: checking for cygwin
configure:4052: result: no
configure:4073: checking for JDK location
configure:4080: result: /usr/lib/jvm/java-6-openjdk
configure:4272: creating ./config.status

## ---------------------- ##
## Running config.status. ##
## ---------------------- ##

This file was extended by tinyos-tools config.status 1.2.4, which was
generated by GNU Autoconf 2.65.  Invocation command line was

  CONFIG_FILES    = 
  CONFIG_HEADERS  = 
  CONFIG_LINKS    = 
  CONFIG_COMMANDS = 
  $ ./config.status 

on altamash-laptop

config.status:850: creating Makefile
config.status:850: creating platforms/Makefile
config.status:850: creating platforms/mica/Makefile
config.status:850: creating platforms/mica/cc1000-channelgen/Makefile
config.status:850: creating platforms/msp430/Makefile
config.status:850: creating platforms/msp430/motelist/motelist-linux
config.status:850: creating platforms/msp430/motelist/motelist-macos
config.status:850: creating platforms/msp430/motelist/Makefile
config.status:850: creating platforms/msp430/pybsl/Makefile
config.status:850: creating platforms/msp430/pybsl/tos-bsl.1
config.status:850: creating platforms/msp430/pybsl/serial/Makefile
config.status:850: creating platforms/msp430/pybsl/serial/serialposix.py
config.status:850: creating platforms/msp430/pybsl/serial/__init__.py
config.status:850: creating platforms/msp430/pybsl/serial/serialwin32.py
config.status:850: creating platforms/msp430/pybsl/elf.py
config.status:850: creating platforms/msp430/pybsl/tos-bsl
config.status:850: creating platforms/sam3/samba-program.py
config.status:850: creating platforms/sam3/Makefile
config.status:850: creating platforms/intelmote2/openocd/imote2-ocd-program.py
config.status:850: creating tinyos/Makefile
config.status:850: creating tinyos/java/Makefile
config.status:850: creating tinyos/java/env/Makefile
config.status:850: creating tinyos/java/serial/Makefile
config.status:850: creating tinyos/misc/tos-ident-flags
config.status:850: creating tinyos/misc/tos-install-jni
config.status:850: creating tinyos/misc/tos-set-symbols
config.status:850: creating tinyos/misc/tos-write-buildinfo
config.status:850: creating tinyos/misc/tos-write-image
config.status:850: creating tinyos/misc/tos-storage-at45db
config.status:850: creating tinyos/misc/tos-storage-stm25p
config.status:850: creating tinyos/misc/tos-storage-pxa27xp30
config.status:850: creating tinyos/misc/tos-dump.py
config.status:850: creating tinyos/misc/tos-nwprog
config.status:850: creating tinyos/misc/tos-deluge
config.status:850: creating tinyos/misc/tos-build-deluge-image
config.status:850: creating tinyos/misc/tos-mote-key
config.status:850: creating tinyos/misc/tos-check-env
config.status:850: creating tinyos/misc/Makefile
config.status:850: creating tinyos/ncc/Makefile
config.status:850: creating tinyos/ncc/mig
config.status:850: creating tinyos/ncc/ncc
config.status:850: creating tinyos/ncc/ncg
config.status:850: creating tinyos/ncc/nesdoc
config.status:850: creating tinyos/ncc/nesdoc-py/Makefile
config.status:850: creating tinyos/tosthreads/Makefile
config.status:850: creating tinyos/tosthreads/tosthreads_standard_api.py
config.status:850: creating tinyos/safe/Makefile
config.status:850: creating tinyos/safe/tos-decode-flid
config.status:850: creating tinyos/safe/tos-ramsize
config.status:1013: executing depfiles commands
configure:5511: === configuring in platforms/mica/uisp (/home/altamash/local/src/tinyos-2.x/tools/platforms/mica/uisp)
configure:5574: running /bin/bash ./configure --disable-option-checking '--prefix=/home/altamash/local'  --cache-file=/dev/null --srcdir=.

## ---------------- ##
## Cache variables. ##
## ---------------- ##

ac_cv_build=i686-pc-linux-gnu
ac_cv_c_compiler_gnu=yes
ac_cv_cxx_compiler_gnu=no
ac_cv_env_CCC_set=
ac_cv_env_CCC_value=
ac_cv_env_CC_set=
ac_cv_env_CC_value=
ac_cv_env_CFLAGS_set=
ac_cv_env_CFLAGS_value=
ac_cv_env_CPPFLAGS_set=
ac_cv_env_CPPFLAGS_value=
ac_cv_env_CXXFLAGS_set=
ac_cv_env_CXXFLAGS_value=
ac_cv_env_CXX_set=
ac_cv_env_CXX_value=
ac_cv_env_LDFLAGS_set=
ac_cv_env_LDFLAGS_value=
ac_cv_env_LIBS_set=
ac_cv_env_LIBS_value=
ac_cv_env_build_alias_set=
ac_cv_env_build_alias_value=
ac_cv_env_host_alias_set=
ac_cv_env_host_alias_value=
ac_cv_env_target_alias_set=
ac_cv_env_target_alias_value=
ac_cv_host=i686-pc-linux-gnu
ac_cv_objext=o
ac_cv_path_install='/usr/bin/install -c'
ac_cv_path_mkdir=/bin/mkdir
ac_cv_path_pathnescc=/usr/bin/nescc
ac_cv_path_pathperl=/usr/bin/perl
ac_cv_path_pathpython=/usr/bin/python2
ac_cv_prog_AWK=gawk
ac_cv_prog_ac_ct_CC=gcc
ac_cv_prog_ac_ct_RANLIB=ranlib
ac_cv_prog_cc_c89=
ac_cv_prog_cc_g=yes
ac_cv_prog_cxx_g=no
ac_cv_prog_make_make_set=yes
am_cv_CC_dependencies_compiler_type=gcc3
am_cv_CXX_dependencies_compiler_type=none

## ----------------- ##
## Output variables. ##
## ----------------- ##

ACLOCAL='${SHELL} /home/altamash/local/src/tinyos-2.x/tools/config-aux/missing --run aclocal-1.11'
AMDEPBACKSLASH='\'
AMDEP_FALSE='#'
AMDEP_TRUE=''
AMTAR='${SHELL} /home/altamash/local/src/tinyos-2.x/tools/config-aux/missing --run tar'
AUTOCONF='${SHELL} /home/altamash/local/src/tinyos-2.x/tools/config-aux/missing --run autoconf'
AUTOHEADER='${SHELL} /home/altamash/local/src/tinyos-2.x/tools/config-aux/missing --run autoheader'
AUTOMAKE='${SHELL} /home/altamash/local/src/tinyos-2.x/tools/config-aux/missing --run automake-1.11'
AWK='gawk'
CC='gcc'
CCDEPMODE='depmode=gcc3'
CFLAGS='-g -O2'
CPPFLAGS=''
CXX='g++'
CXXDEPMODE='depmode=none'
CXXFLAGS=''
CYGPATH_W='echo'
CYGWIN_FALSE=''
CYGWIN_TRUE='#'
DARWIN_FALSE=''
DARWIN_TRUE='#'
DEFS='-DPACKAGE_NAME=\"tinyos-tools\" -DPACKAGE_TARNAME=\"tinyos-tools\" -DPACKAGE_VERSION=\"1.2.4\" -DPACKAGE_STRING=\"tinyos-tools\ 1.2.4\" -DPACKAGE_BUGREPORT=\"\" -DPACKAGE_URL=\"\" -DPACKAGE=\"tinyos-tools\" -DVERSION=\"1.2.4\"'
DEPDIR='.deps'
ECHO_C=''
ECHO_N='-n'
ECHO_T=''
EXEEXT=''
GETENVLIB='libgetenv-32.so libgetenv-64.so '
INSTALLJNI='install'
INSTALL_DATA='${INSTALL} -m 644'
INSTALL_PROGRAM='${INSTALL}'
INSTALL_SCRIPT='${INSTALL}'
INSTALL_STRIP_PROGRAM='$(install_sh) -c -s'
JDK='/usr/lib/jvm/java-6-openjdk'
JNIPREFIX='lib'
JNISUFFIX='so'
LDFLAGS=''
LIBOBJS=''
LIBS=''
LTLIBOBJS=''
MAKEINFO='${SHELL} /home/altamash/local/src/tinyos-2.x/tools/config-aux/missing --run makeinfo'
MKDIR_P='/bin/mkdir -p'
OBJEXT='o'
PACKAGE='tinyos-tools'
PACKAGE_BUGREPORT=''
PACKAGE_NAME='tinyos-tools'
PACKAGE_STRING='tinyos-tools 1.2.4'
PACKAGE_TARNAME='tinyos-tools'
PACKAGE_URL=''
PACKAGE_VERSION='1.2.4'
PATH_SEPARATOR=':'
RANLIB='ranlib'
SET_MAKE=''
SHELL='/bin/bash'
STRIP=''
TOSCOMMLIB='libtoscomm-32.so libtoscomm-64.so '
TOSDIR='/home/altamash/local/src/tinyos-2.x/tos'
VERSION='1.2.4'
ac_ct_CC='gcc'
ac_ct_CXX=''
am__EXEEXT_FALSE=''
am__EXEEXT_TRUE='#'
am__fastdepCC_FALSE='#'
am__fastdepCC_TRUE=''
am__fastdepCXX_FALSE=''
am__fastdepCXX_TRUE='#'
am__include='include'
am__isrc=''
am__leading_dot='.'
am__quote=''
am__tar='${AMTAR} chof - "$$tardir"'
am__untar='${AMTAR} xf -'
bindir='${exec_prefix}/bin'
build='i686-pc-linux-gnu'
build_alias=''
build_cpu='i686'
build_os='linux-gnu'
build_vendor='pc'
datadir='${datarootdir}'
datarootdir='${prefix}/share'
default_target='mica'
docdir='${datarootdir}/doc/${PACKAGE_TARNAME}'
dvidir='${docdir}'
exec_prefix='${prefix}'
host='i686-pc-linux-gnu'
host_alias=''
host_cpu='i686'
host_os='linux-gnu'
host_vendor='pc'
htmldir='${docdir}'
includedir='${prefix}/include'
infodir='${datarootdir}/info'
install_sh='${SHELL} /home/altamash/local/src/tinyos-2.x/tools/config-aux/install-sh'
libdir='${exec_prefix}/lib'
libexecdir='${exec_prefix}/libexec'
localedir='${datarootdir}/locale'
localstatedir='${prefix}/var'
mandir='${datarootdir}/man'
mkdir_p='/bin/mkdir -p'
nescc_prefix='/usr'
oldincludedir='/usr/include'
pathnescc='/usr/bin/nescc'
pathperl='/usr/bin/perl'
pathpython='/usr/bin/python2'
pdfdir='${docdir}'
prefix='/home/altamash/local'
program_transform_name='s,x,x,'
psdir='${docdir}'
sbindir='${exec_prefix}/sbin'
sharedstatedir='${prefix}/com'
subdirs=' platforms/mica/uisp'
sysconfdir='${prefix}/etc'
target_alias=''

## ----------- ##
## confdefs.h. ##
## ----------- ##

/* confdefs.h */
#define PACKAGE_NAME "tinyos-tools"
#define PACKAGE_TARNAME "tinyos-tools"
#define PACKAGE_VERSION "1.2.4"
#define PACKAGE_STRING "tinyos-tools 1.2.4"
#define PACKAGE_BUGREPORT ""
#define PACKAGE_URL ""
#define PACKAGE "tinyos-tools"
#define VERSION "1.2.4"

configure: exit 0
